<?xml version="1.0" encoding="UTF-8"?>
<testsuites name="Lesson 3" tests="10" time="0.000">
  <testsuite name="Admin / Receive token" id="c52d956b-afd1-4e75-bf29-e40ddc707e6d" timestamp="2024-03-28T03:14:26.038Z" tests="2" failures="2" errors="2" time="0.000">
    <system-err><![CDATA[Iteration: 0
RequestError: Error: connect ETIMEDOUT 3.139.165.87:80
    at TCPConnectWrap.afterConnect [as oncomplete] (node:net:1555:16)

---
testScriptError: Unexpected token u in JSON at position 0
---
]]></system-err>
    <testcase name="Response time is less than 3000ms" time="0.000" classname="Lesson3">
      <failure type="AssertionFailure" message="expected undefined to be a number or a date">
        <![CDATA[Failed 1 times.]]>
        <![CDATA[Collection JSON ID: b7b25d95-4f7d-446d-a1b3-5218c9369f4c.]]>
        <![CDATA[Collection name: Lesson 3.]]>
        <![CDATA[Request name: Admin / Receive token.]]>
        <![CDATA[Test description: Response time is less than 3000ms.]]>
        <![CDATA[Error message: expected undefined to be a number or a date.]]>
        <![CDATA[Stacktrace: AssertionError: expected undefined to be a number or a date
   at Object.eval sandbox-script.js:1:1).]]>
      </failure>
    </testcase>
    <testcase name="Status code is 200" time="0.000" classname="Lesson3">
      <failure type="AssertionFailure" message="expected PostmanResponse{ …(5) } to have property 'code'">
        <![CDATA[Failed 1 times.]]>
        <![CDATA[Collection JSON ID: b7b25d95-4f7d-446d-a1b3-5218c9369f4c.]]>
        <![CDATA[Collection name: Lesson 3.]]>
        <![CDATA[Request name: Admin / Receive token.]]>
        <![CDATA[Test description: Status code is 200.]]>
        <![CDATA[Error message: expected PostmanResponse{ …(5) } to have property 'code'.]]>
        <![CDATA[Stacktrace: AssertionError: expected PostmanResponse{ …(5) } to have property 'code'
   at Object.eval sandbox-script.js:1:1).]]>
      </failure>
    </testcase>
  </testsuite>
  <testsuite name="Admin / Create an admin" id="ee9670dd-c10c-4812-af65-9b75f2bf2697" timestamp="2024-03-28T03:14:26.038Z" tests="3" failures="3" errors="1" time="0.000">
    <system-err><![CDATA[Iteration: 0
RequestError: Error: connect ETIMEDOUT 3.143.135.153:80
    at TCPConnectWrap.afterConnect [as oncomplete] (node:net:1555:16)

---
]]></system-err>
    <testcase name="Response time is less than 3000ms" time="0.000" classname="Lesson3">
      <failure type="AssertionFailure" message="expected undefined to be a number or a date">
        <![CDATA[Failed 1 times.]]>
        <![CDATA[Collection JSON ID: b7b25d95-4f7d-446d-a1b3-5218c9369f4c.]]>
        <![CDATA[Collection name: Lesson 3.]]>
        <![CDATA[Request name: Admin / Create an admin.]]>
        <![CDATA[Test description: Response time is less than 3000ms.]]>
        <![CDATA[Error message: expected undefined to be a number or a date.]]>
        <![CDATA[Stacktrace: AssertionError: expected undefined to be a number or a date
   at Object.eval sandbox-script.js:1:2).]]>
      </failure>
    </testcase>
    <testcase name="Status code is 400" time="0.000" classname="Lesson3">
      <failure type="AssertionFailure" message="expected PostmanResponse{ …(5) } to have property 'code'">
        <![CDATA[Failed 1 times.]]>
        <![CDATA[Collection JSON ID: b7b25d95-4f7d-446d-a1b3-5218c9369f4c.]]>
        <![CDATA[Collection name: Lesson 3.]]>
        <![CDATA[Request name: Admin / Create an admin.]]>
        <![CDATA[Test description: Status code is 400.]]>
        <![CDATA[Error message: expected PostmanResponse{ …(5) } to have property 'code'.]]>
        <![CDATA[Stacktrace: AssertionError: expected PostmanResponse{ …(5) } to have property 'code'
   at Object.eval sandbox-script.js:1:2).]]>
      </failure>
    </testcase>
    <testcase name="Admin created" time="0.000" classname="Lesson3">
      <failure type="AssertionFailure" message="the given combination of arguments (undefined and string) is invalid for this assertion. You can use an array, a map, an object, a set, a string, or a weakset instead of a string">
        <![CDATA[Failed 1 times.]]>
        <![CDATA[Collection JSON ID: b7b25d95-4f7d-446d-a1b3-5218c9369f4c.]]>
        <![CDATA[Collection name: Lesson 3.]]>
        <![CDATA[Request name: Admin / Create an admin.]]>
        <![CDATA[Test description: Admin created.]]>
        <![CDATA[Error message: the given combination of arguments (undefined and string) is invalid for this assertion. You can use an array, a map, an object, a set, a string, or a weakset instead of a string.]]>
        <![CDATA[Stacktrace: AssertionError: the given combination of arguments (undefined and string) is invalid for this assertion. You can use an array, a map, an object, a set, a string, or a weakset instead of a string
   at Object.eval sandbox-script.js:2:2).]]>
      </failure>
    </testcase>
  </testsuite>
  <testsuite name="Admin / Login as an admin" id="330acf97-bee5-4c1f-9472-f6f1c2bd87fc" timestamp="2024-03-28T03:14:26.038Z" tests="2" failures="2" errors="2" time="0.000">
    <system-err><![CDATA[Iteration: 0
RequestError: Error: connect ETIMEDOUT 3.143.135.153:80
    at TCPConnectWrap.afterConnect [as oncomplete] (node:net:1555:16)

---
testScriptError: Unexpected token u in JSON at position 0
---
]]></system-err>
    <testcase name="Response time is less than 3000ms" time="0.000" classname="Lesson3">
      <failure type="AssertionFailure" message="expected undefined to be a number or a date">
        <![CDATA[Failed 1 times.]]>
        <![CDATA[Collection JSON ID: b7b25d95-4f7d-446d-a1b3-5218c9369f4c.]]>
        <![CDATA[Collection name: Lesson 3.]]>
        <![CDATA[Request name: Admin / Login as an admin.]]>
        <![CDATA[Test description: Response time is less than 3000ms.]]>
        <![CDATA[Error message: expected undefined to be a number or a date.]]>
        <![CDATA[Stacktrace: AssertionError: expected undefined to be a number or a date
   at Object.eval sandbox-script.js:1:3).]]>
      </failure>
    </testcase>
    <testcase name="Status code is 200" time="0.000" classname="Lesson3">
      <failure type="AssertionFailure" message="expected PostmanResponse{ …(5) } to have property 'code'">
        <![CDATA[Failed 1 times.]]>
        <![CDATA[Collection JSON ID: b7b25d95-4f7d-446d-a1b3-5218c9369f4c.]]>
        <![CDATA[Collection name: Lesson 3.]]>
        <![CDATA[Request name: Admin / Login as an admin.]]>
        <![CDATA[Test description: Status code is 200.]]>
        <![CDATA[Error message: expected PostmanResponse{ …(5) } to have property 'code'.]]>
        <![CDATA[Stacktrace: AssertionError: expected PostmanResponse{ …(5) } to have property 'code'
   at Object.eval sandbox-script.js:1:3).]]>
      </failure>
    </testcase>
  </testsuite>
  <testsuite name="Admin / Get list of teachers" id="7f50dcf6-65f2-4882-8de5-bf908af8770f" timestamp="2024-03-28T03:14:26.038Z" tests="4" failures="4" errors="1" time="0.000">
    <system-err><![CDATA[Iteration: 0
RequestError: Error: connect ETIMEDOUT 3.139.165.87:80
    at TCPConnectWrap.afterConnect [as oncomplete] (node:net:1555:16)

---
]]></system-err>
    <testcase name="Response time is less than 3000ms" time="0.000" classname="Lesson3">
      <failure type="AssertionFailure" message="expected undefined to be a number or a date">
        <![CDATA[Failed 1 times.]]>
        <![CDATA[Collection JSON ID: b7b25d95-4f7d-446d-a1b3-5218c9369f4c.]]>
        <![CDATA[Collection name: Lesson 3.]]>
        <![CDATA[Request name: Admin / Get list of teachers.]]>
        <![CDATA[Test description: Response time is less than 3000ms.]]>
        <![CDATA[Error message: expected undefined to be a number or a date.]]>
        <![CDATA[Stacktrace: AssertionError: expected undefined to be a number or a date
   at Object.eval sandbox-script.js:1:4).]]>
      </failure>
    </testcase>
    <testcase name="Response status code is 200" time="0.000" classname="Lesson3">
      <failure type="AssertionFailure" message="expected PostmanResponse{ …(5) } to have property 'code'">
        <![CDATA[Failed 1 times.]]>
        <![CDATA[Collection JSON ID: b7b25d95-4f7d-446d-a1b3-5218c9369f4c.]]>
        <![CDATA[Collection name: Lesson 3.]]>
        <![CDATA[Request name: Admin / Get list of teachers.]]>
        <![CDATA[Test description: Response status code is 200.]]>
        <![CDATA[Error message: expected PostmanResponse{ …(5) } to have property 'code'.]]>
        <![CDATA[Stacktrace: AssertionError: expected PostmanResponse{ …(5) } to have property 'code'
   at Object.eval sandbox-script.js:1:4).]]>
      </failure>
    </testcase>
    <testcase name="Validate that the response is an array" time="0.000" classname="Lesson3">
      <failure type="AssertionFailure" message="Unexpected token u in JSON at position 0">
        <![CDATA[Failed 1 times.]]>
        <![CDATA[Collection JSON ID: b7b25d95-4f7d-446d-a1b3-5218c9369f4c.]]>
        <![CDATA[Collection name: Lesson 3.]]>
        <![CDATA[Request name: Admin / Get list of teachers.]]>
        <![CDATA[Test description: Validate that the response is an array.]]>
        <![CDATA[Error message: Unexpected token u in JSON at position 0.]]>
        <![CDATA[Stacktrace: JSONError: Unexpected token u in JSON at position 0
   at Object.eval sandbox-script.js:2:4).]]>
      </failure>
    </testcase>
    <testcase name="Verify that the role field is a non-negative integer" time="0.000" classname="Lesson3">
      <failure type="AssertionFailure" message="Unexpected token u in JSON at position 0">
        <![CDATA[Failed 1 times.]]>
        <![CDATA[Collection JSON ID: b7b25d95-4f7d-446d-a1b3-5218c9369f4c.]]>
        <![CDATA[Collection name: Lesson 3.]]>
        <![CDATA[Request name: Admin / Get list of teachers.]]>
        <![CDATA[Test description: Verify that the role field is a non-negative integer.]]>
        <![CDATA[Error message: Unexpected token u in JSON at position 0.]]>
        <![CDATA[Stacktrace: JSONError: Unexpected token u in JSON at position 0
   at Object.eval sandbox-script.js:3:4).]]>
      </failure>
    </testcase>
  </testsuite>
  <testsuite name="Student / Create Student" id="97ede783-c0f1-4492-a600-67ca1ed1d48e" timestamp="2024-03-28T03:14:26.038Z" tests="2" failures="2" errors="2" time="0.000">
    <system-err><![CDATA[Iteration: 0
RequestError: Error: connect ETIMEDOUT 3.143.135.153:80
    at TCPConnectWrap.afterConnect [as oncomplete] (node:net:1555:16)

---
testScriptError: Unexpected token u in JSON at position 0
---
]]></system-err>
    <testcase name="Response time is less than 3000ms" time="0.000" classname="Lesson3">
      <failure type="AssertionFailure" message="expected undefined to be a number or a date">
        <![CDATA[Failed 1 times.]]>
        <![CDATA[Collection JSON ID: b7b25d95-4f7d-446d-a1b3-5218c9369f4c.]]>
        <![CDATA[Collection name: Lesson 3.]]>
        <![CDATA[Request name: Student / Create Student.]]>
        <![CDATA[Test description: Response time is less than 3000ms.]]>
        <![CDATA[Error message: expected undefined to be a number or a date.]]>
        <![CDATA[Stacktrace: AssertionError: expected undefined to be a number or a date
   at Object.eval sandbox-script.js:1:5).]]>
      </failure>
    </testcase>
    <testcase name="Status code is 200" time="0.000" classname="Lesson3">
      <failure type="AssertionFailure" message="expected PostmanResponse{ …(5) } to have property 'code'">
        <![CDATA[Failed 1 times.]]>
        <![CDATA[Collection JSON ID: b7b25d95-4f7d-446d-a1b3-5218c9369f4c.]]>
        <![CDATA[Collection name: Lesson 3.]]>
        <![CDATA[Request name: Student / Create Student.]]>
        <![CDATA[Test description: Status code is 200.]]>
        <![CDATA[Error message: expected PostmanResponse{ …(5) } to have property 'code'.]]>
        <![CDATA[Stacktrace: AssertionError: expected PostmanResponse{ …(5) } to have property 'code'
   at Object.eval sandbox-script.js:1:5).]]>
      </failure>
    </testcase>
  </testsuite>
  <testsuite name="Student / Login as a student" id="a2d2b376-82c4-4960-972c-424f8eee4b2f" timestamp="2024-03-28T03:14:26.038Z" tests="2" failures="2" errors="2" time="0.000">
    <system-err><![CDATA[Iteration: 0
RequestError: Error: connect ETIMEDOUT 3.143.135.153:80
    at TCPConnectWrap.afterConnect [as oncomplete] (node:net:1555:16)

---
testScriptError: Unexpected token u in JSON at position 0
---
]]></system-err>
    <testcase name="Response time is less than 3000ms" time="0.000" classname="Lesson3">
      <failure type="AssertionFailure" message="expected undefined to be a number or a date">
        <![CDATA[Failed 1 times.]]>
        <![CDATA[Collection JSON ID: b7b25d95-4f7d-446d-a1b3-5218c9369f4c.]]>
        <![CDATA[Collection name: Lesson 3.]]>
        <![CDATA[Request name: Student / Login as a student.]]>
        <![CDATA[Test description: Response time is less than 3000ms.]]>
        <![CDATA[Error message: expected undefined to be a number or a date.]]>
        <![CDATA[Stacktrace: AssertionError: expected undefined to be a number or a date
   at Object.eval sandbox-script.js:1:6).]]>
      </failure>
    </testcase>
    <testcase name="Status code is 200" time="0.000" classname="Lesson3">
      <failure type="AssertionFailure" message="expected PostmanResponse{ …(5) } to have property 'code'">
        <![CDATA[Failed 1 times.]]>
        <![CDATA[Collection JSON ID: b7b25d95-4f7d-446d-a1b3-5218c9369f4c.]]>
        <![CDATA[Collection name: Lesson 3.]]>
        <![CDATA[Request name: Student / Login as a student.]]>
        <![CDATA[Test description: Status code is 200.]]>
        <![CDATA[Error message: expected PostmanResponse{ …(5) } to have property 'code'.]]>
        <![CDATA[Stacktrace: AssertionError: expected PostmanResponse{ …(5) } to have property 'code'
   at Object.eval sandbox-script.js:1:6).]]>
      </failure>
    </testcase>
  </testsuite>
  <testsuite name="Student / Get the list of courses" id="7a966ba1-8a4e-48b0-ac08-9f244acaa2b1" timestamp="2024-03-28T03:14:26.038Z" tests="2" failures="2" errors="1" time="0.000">
    <system-err><![CDATA[Iteration: 0
RequestError: Error: connect ETIMEDOUT 3.139.165.87:80
    at TCPConnectWrap.afterConnect [as oncomplete] (node:net:1555:16)

---
]]></system-err>
    <testcase name="Response time is less than 3000ms" time="0.000" classname="Lesson3">
      <failure type="AssertionFailure" message="expected undefined to be a number or a date">
        <![CDATA[Failed 1 times.]]>
        <![CDATA[Collection JSON ID: b7b25d95-4f7d-446d-a1b3-5218c9369f4c.]]>
        <![CDATA[Collection name: Lesson 3.]]>
        <![CDATA[Request name: Student / Get the list of courses.]]>
        <![CDATA[Test description: Response time is less than 3000ms.]]>
        <![CDATA[Error message: expected undefined to be a number or a date.]]>
        <![CDATA[Stacktrace: AssertionError: expected undefined to be a number or a date
   at Object.eval sandbox-script.js:1:7).]]>
      </failure>
    </testcase>
    <testcase name="Status code is 200" time="0.000" classname="Lesson3">
      <failure type="AssertionFailure" message="expected PostmanResponse{ …(5) } to have property 'code'">
        <![CDATA[Failed 1 times.]]>
        <![CDATA[Collection JSON ID: b7b25d95-4f7d-446d-a1b3-5218c9369f4c.]]>
        <![CDATA[Collection name: Lesson 3.]]>
        <![CDATA[Request name: Student / Get the list of courses.]]>
        <![CDATA[Test description: Status code is 200.]]>
        <![CDATA[Error message: expected PostmanResponse{ …(5) } to have property 'code'.]]>
        <![CDATA[Stacktrace: AssertionError: expected PostmanResponse{ …(5) } to have property 'code'
   at Object.eval sandbox-script.js:1:7).]]>
      </failure>
    </testcase>
  </testsuite>
  <testsuite name="Teacher / Create teacher" id="009110a8-cfdc-4371-a20f-50281b7bec22" timestamp="2024-03-28T03:14:26.038Z" tests="2" failures="2" errors="2" time="0.000">
    <system-err><![CDATA[Iteration: 0
RequestError: Error: connect ETIMEDOUT 3.143.135.153:80
    at TCPConnectWrap.afterConnect [as oncomplete] (node:net:1555:16)

---
testScriptError: Unexpected token u in JSON at position 0
---
]]></system-err>
    <testcase name="Response time is less than 3000ms" time="0.000" classname="Lesson3">
      <failure type="AssertionFailure" message="expected undefined to be a number or a date">
        <![CDATA[Failed 1 times.]]>
        <![CDATA[Collection JSON ID: b7b25d95-4f7d-446d-a1b3-5218c9369f4c.]]>
        <![CDATA[Collection name: Lesson 3.]]>
        <![CDATA[Request name: Teacher / Create teacher.]]>
        <![CDATA[Test description: Response time is less than 3000ms.]]>
        <![CDATA[Error message: expected undefined to be a number or a date.]]>
        <![CDATA[Stacktrace: AssertionError: expected undefined to be a number or a date
   at Object.eval sandbox-script.js:1:8).]]>
      </failure>
    </testcase>
    <testcase name="Status code is 200" time="0.000" classname="Lesson3">
      <failure type="AssertionFailure" message="expected PostmanResponse{ …(5) } to have property 'code'">
        <![CDATA[Failed 1 times.]]>
        <![CDATA[Collection JSON ID: b7b25d95-4f7d-446d-a1b3-5218c9369f4c.]]>
        <![CDATA[Collection name: Lesson 3.]]>
        <![CDATA[Request name: Teacher / Create teacher.]]>
        <![CDATA[Test description: Status code is 200.]]>
        <![CDATA[Error message: expected PostmanResponse{ …(5) } to have property 'code'.]]>
        <![CDATA[Stacktrace: AssertionError: expected PostmanResponse{ …(5) } to have property 'code'
   at Object.eval sandbox-script.js:1:8).]]>
      </failure>
    </testcase>
  </testsuite>
  <testsuite name="Teacher / Login as a teacher" id="15b27284-9b79-4b8f-8c11-37194d3e0a9f" timestamp="2024-03-28T03:14:26.038Z" tests="2" failures="2" errors="2" time="0.000">
    <system-err><![CDATA[Iteration: 0
RequestError: Error: connect ETIMEDOUT 3.143.135.153:80
    at TCPConnectWrap.afterConnect [as oncomplete] (node:net:1555:16)

---
testScriptError: Unexpected token u in JSON at position 0
---
]]></system-err>
    <testcase name="Response time is less than 3000ms" time="0.000" classname="Lesson3">
      <failure type="AssertionFailure" message="expected undefined to be a number or a date">
        <![CDATA[Failed 1 times.]]>
        <![CDATA[Collection JSON ID: b7b25d95-4f7d-446d-a1b3-5218c9369f4c.]]>
        <![CDATA[Collection name: Lesson 3.]]>
        <![CDATA[Request name: Teacher / Login as a teacher.]]>
        <![CDATA[Test description: Response time is less than 3000ms.]]>
        <![CDATA[Error message: expected undefined to be a number or a date.]]>
        <![CDATA[Stacktrace: AssertionError: expected undefined to be a number or a date
   at Object.eval sandbox-script.js:1:9).]]>
      </failure>
    </testcase>
    <testcase name="Status code is 200" time="0.000" classname="Lesson3">
      <failure type="AssertionFailure" message="expected PostmanResponse{ …(5) } to have property 'code'">
        <![CDATA[Failed 1 times.]]>
        <![CDATA[Collection JSON ID: b7b25d95-4f7d-446d-a1b3-5218c9369f4c.]]>
        <![CDATA[Collection name: Lesson 3.]]>
        <![CDATA[Request name: Teacher / Login as a teacher.]]>
        <![CDATA[Test description: Status code is 200.]]>
        <![CDATA[Error message: expected PostmanResponse{ …(5) } to have property 'code'.]]>
        <![CDATA[Stacktrace: AssertionError: expected PostmanResponse{ …(5) } to have property 'code'
   at Object.eval sandbox-script.js:1:9).]]>
      </failure>
    </testcase>
  </testsuite>
  <testsuite name="Teacher / Get list of courses" id="39f855fa-93ea-4790-b246-9e7176b3ba0c" timestamp="2024-03-28T03:14:26.038Z" tests="1" failures="1" errors="1" time="0.000">
    <system-err><![CDATA[Iteration: 0
RequestError: Error: connect ETIMEDOUT 18.220.67.158:80
    at TCPConnectWrap.afterConnect [as oncomplete] (node:net:1555:16)

---
]]></system-err>
    <testcase name="Response time is less than 3000ms" time="0.000" classname="Lesson3">
      <failure type="AssertionFailure" message="expected undefined to be a number or a date">
        <![CDATA[Failed 1 times.]]>
        <![CDATA[Collection JSON ID: b7b25d95-4f7d-446d-a1b3-5218c9369f4c.]]>
        <![CDATA[Collection name: Lesson 3.]]>
        <![CDATA[Request name: Teacher / Get list of courses.]]>
        <![CDATA[Test description: Response time is less than 3000ms.]]>
        <![CDATA[Error message: expected undefined to be a number or a date.]]>
        <![CDATA[Stacktrace: AssertionError: expected undefined to be a number or a date
   at Object.eval sandbox-script.js:1:10).]]>
      </failure>
    </testcase>
  </testsuite>
</testsuites>